{"/Users/egieimandha/projects/test/todo/__tests__/setup/async-storage-mock.js": {"path":"/Users/egieimandha/projects/test/todo/__tests__/setup/async-storage-mock.js","statementMap":{"0":{"start":{"line":12,"column":15},"end":{"line":50,"column":1}},"1":{"start":{"line":17,"column":24},"end":{"line":17,"column":72}},"2":{"start":{"line":19,"column":6},"end":{"line":19,"column":38}},"3":{"start":{"line":20,"column":6},"end":{"line":20,"column":23}},"4":{"start":{"line":25,"column":24},"end":{"line":25,"column":63}},"5":{"start":{"line":27,"column":21},"end":{"line":27,"column":58}},"6":{"start":{"line":29,"column":6},"end":{"line":29,"column":41}},"7":{"start":{"line":30,"column":6},"end":{"line":30,"column":20}},"8":{"start":{"line":35,"column":6},"end":{"line":35,"column":41}},"9":{"start":{"line":39,"column":6},"end":{"line":39,"column":49}},"10":{"start":{"line":53,"column":2},"end":{"line":58,"column":5}},"11":{"start":{"line":54,"column":16},"end":{"line":54,"column":27}},"12":{"start":{"line":55,"column":18},"end":{"line":55,"column":29}},"13":{"start":{"line":57,"column":4},"end":{"line":57,"column":50}},"14":{"start":{"line":59,"column":2},"end":{"line":59,"column":29}},"15":{"start":{"line":60,"column":2},"end":{"line":60,"column":14}},"16":{"start":{"line":64,"column":17},"end":{"line":67,"column":4}},"17":{"start":{"line":64,"column":33},"end":{"line":67,"column":3}},"18":{"start":{"line":68,"column":2},"end":{"line":68,"column":37}},"19":{"start":{"line":70,"column":2},"end":{"line":70,"column":16}},"20":{"start":{"line":74,"column":2},"end":{"line":78,"column":5}},"21":{"start":{"line":75,"column":4},"end":{"line":77,"column":5}},"22":{"start":{"line":76,"column":6},"end":{"line":76,"column":51}},"23":{"start":{"line":80,"column":2},"end":{"line":80,"column":29}},"24":{"start":{"line":81,"column":2},"end":{"line":81,"column":14}},"25":{"start":{"line":85,"column":2},"end":{"line":85,"column":40}},"26":{"start":{"line":87,"column":2},"end":{"line":87,"column":29}},"27":{"start":{"line":89,"column":2},"end":{"line":89,"column":14}},"28":{"start":{"line":93,"column":2},"end":{"line":93,"column":55}},"29":{"start":{"line":100,"column":2},"end":{"line":109,"column":5}},"30":{"start":{"line":101,"column":16},"end":{"line":101,"column":27}},"31":{"start":{"line":102,"column":18},"end":{"line":102,"column":41}},"32":{"start":{"line":104,"column":21},"end":{"line":104,"column":70}},"33":{"start":{"line":106,"column":27},"end":{"line":106,"column":74}},"34":{"start":{"line":108,"column":4},"end":{"line":108,"column":59}},"35":{"start":{"line":111,"column":2},"end":{"line":111,"column":29}},"36":{"start":{"line":112,"column":2},"end":{"line":112,"column":14}},"37":{"start":{"line":115,"column":18},"end":{"line":115,"column":71}},"38":{"start":{"line":115,"column":25},"end":{"line":115,"column":71}},"39":{"start":{"line":116,"column":23},"end":{"line":132,"column":1}},"40":{"start":{"line":117,"column":18},"end":{"line":117,"column":40}},"41":{"start":{"line":118,"column":23},"end":{"line":118,"column":32}},"42":{"start":{"line":120,"column":2},"end":{"line":129,"column":5}},"43":{"start":{"line":121,"column":21},"end":{"line":121,"column":38}},"44":{"start":{"line":122,"column":21},"end":{"line":122,"column":35}},"45":{"start":{"line":124,"column":4},"end":{"line":128,"column":5}},"46":{"start":{"line":125,"column":6},"end":{"line":125,"column":61}},"47":{"start":{"line":127,"column":6},"end":{"line":127,"column":35}},"48":{"start":{"line":131,"column":2},"end":{"line":131,"column":22}}},"fnMap":{"0":{"name":"(anonymous_0)","decl":{"start":{"line":16,"column":4},"end":{"line":16,"column":5}},"loc":{"start":{"line":16,"column":66},"end":{"line":21,"column":5}},"line":16},"1":{"name":"(anonymous_1)","decl":{"start":{"line":24,"column":4},"end":{"line":24,"column":5}},"loc":{"start":{"line":24,"column":58},"end":{"line":31,"column":5}},"line":24},"2":{"name":"(anonymous_2)","decl":{"start":{"line":34,"column":4},"end":{"line":34,"column":5}},"loc":{"start":{"line":35,"column":6},"end":{"line":35,"column":41}},"line":35},"3":{"name":"(anonymous_3)","decl":{"start":{"line":38,"column":4},"end":{"line":38,"column":5}},"loc":{"start":{"line":39,"column":6},"end":{"line":39,"column":49}},"line":39},"4":{"name":"_multiSet","decl":{"start":{"line":52,"column":15},"end":{"line":52,"column":24}},"loc":{"start":{"line":52,"column":78},"end":{"line":61,"column":1}},"line":52},"5":{"name":"(anonymous_5)","decl":{"start":{"line":53,"column":24},"end":{"line":53,"column":25}},"loc":{"start":{"line":53,"column":36},"end":{"line":58,"column":3}},"line":53},"6":{"name":"_multiGet","decl":{"start":{"line":63,"column":15},"end":{"line":63,"column":24}},"loc":{"start":{"line":63,"column":71},"end":{"line":71,"column":1}},"line":63},"7":{"name":"(anonymous_7)","decl":{"start":{"line":64,"column":26},"end":{"line":64,"column":27}},"loc":{"start":{"line":64,"column":33},"end":{"line":67,"column":3}},"line":64},"8":{"name":"_multiRemove","decl":{"start":{"line":73,"column":15},"end":{"line":73,"column":27}},"loc":{"start":{"line":73,"column":68},"end":{"line":82,"column":1}},"line":73},"9":{"name":"(anonymous_9)","decl":{"start":{"line":74,"column":15},"end":{"line":74,"column":16}},"loc":{"start":{"line":74,"column":22},"end":{"line":78,"column":3}},"line":74},"10":{"name":"_clear","decl":{"start":{"line":84,"column":15},"end":{"line":84,"column":21}},"loc":{"start":{"line":84,"column":46},"end":{"line":90,"column":1}},"line":84},"11":{"name":"_getAllKeys","decl":{"start":{"line":92,"column":15},"end":{"line":92,"column":26}},"loc":{"start":{"line":92,"column":29},"end":{"line":94,"column":1}},"line":92},"12":{"name":"_multiMerge","decl":{"start":{"line":96,"column":15},"end":{"line":96,"column":26}},"loc":{"start":{"line":99,"column":2},"end":{"line":113,"column":1}},"line":99},"13":{"name":"(anonymous_13)","decl":{"start":{"line":100,"column":24},"end":{"line":100,"column":25}},"loc":{"start":{"line":100,"column":36},"end":{"line":109,"column":3}},"line":100},"14":{"name":"(anonymous_14)","decl":{"start":{"line":115,"column":18},"end":{"line":115,"column":19}},"loc":{"start":{"line":115,"column":25},"end":{"line":115,"column":71}},"line":115},"15":{"name":"(anonymous_15)","decl":{"start":{"line":116,"column":23},"end":{"line":116,"column":24}},"loc":{"start":{"line":116,"column":49},"end":{"line":132,"column":1}},"line":116},"16":{"name":"(anonymous_16)","decl":{"start":{"line":120,"column":18},"end":{"line":120,"column":19}},"loc":{"start":{"line":120,"column":25},"end":{"line":129,"column":3}},"line":120}},"branchMap":{"0":{"loc":{"start":{"line":19,"column":6},"end":{"line":19,"column":37}},"type":"binary-expr","locations":[{"start":{"line":19,"column":6},"end":{"line":19,"column":14}},{"start":{"line":19,"column":18},"end":{"line":19,"column":37}}],"line":19},"1":{"loc":{"start":{"line":27,"column":21},"end":{"line":27,"column":58}},"type":"cond-expr","locations":[{"start":{"line":27,"column":36},"end":{"line":27,"column":51}},{"start":{"line":27,"column":54},"end":{"line":27,"column":58}}],"line":27},"2":{"loc":{"start":{"line":29,"column":6},"end":{"line":29,"column":40}},"type":"binary-expr","locations":[{"start":{"line":29,"column":6},"end":{"line":29,"column":14}},{"start":{"line":29,"column":18},"end":{"line":29,"column":40}}],"line":29},"3":{"loc":{"start":{"line":59,"column":2},"end":{"line":59,"column":28}},"type":"binary-expr","locations":[{"start":{"line":59,"column":2},"end":{"line":59,"column":10}},{"start":{"line":59,"column":14},"end":{"line":59,"column":28}}],"line":59},"4":{"loc":{"start":{"line":66,"column":4},"end":{"line":66,"column":49}},"type":"binary-expr","locations":[{"start":{"line":66,"column":4},"end":{"line":66,"column":41}},{"start":{"line":66,"column":45},"end":{"line":66,"column":49}}],"line":66},"5":{"loc":{"start":{"line":68,"column":2},"end":{"line":68,"column":36}},"type":"binary-expr","locations":[{"start":{"line":68,"column":2},"end":{"line":68,"column":10}},{"start":{"line":68,"column":14},"end":{"line":68,"column":36}}],"line":68},"6":{"loc":{"start":{"line":75,"column":4},"end":{"line":77,"column":5}},"type":"if","locations":[{"start":{"line":75,"column":4},"end":{"line":77,"column":5}},{"start":{"line":75,"column":4},"end":{"line":77,"column":5}}],"line":75},"7":{"loc":{"start":{"line":80,"column":2},"end":{"line":80,"column":28}},"type":"binary-expr","locations":[{"start":{"line":80,"column":2},"end":{"line":80,"column":10}},{"start":{"line":80,"column":14},"end":{"line":80,"column":28}}],"line":80},"8":{"loc":{"start":{"line":87,"column":2},"end":{"line":87,"column":28}},"type":"binary-expr","locations":[{"start":{"line":87,"column":2},"end":{"line":87,"column":10}},{"start":{"line":87,"column":14},"end":{"line":87,"column":28}}],"line":87},"9":{"loc":{"start":{"line":111,"column":2},"end":{"line":111,"column":28}},"type":"binary-expr","locations":[{"start":{"line":111,"column":2},"end":{"line":111,"column":10}},{"start":{"line":111,"column":14},"end":{"line":111,"column":28}}],"line":111},"10":{"loc":{"start":{"line":115,"column":25},"end":{"line":115,"column":71}},"type":"binary-expr","locations":[{"start":{"line":115,"column":25},"end":{"line":115,"column":48}},{"start":{"line":115,"column":52},"end":{"line":115,"column":71}}],"line":115},"11":{"loc":{"start":{"line":124,"column":4},"end":{"line":128,"column":5}},"type":"if","locations":[{"start":{"line":124,"column":4},"end":{"line":128,"column":5}},{"start":{"line":124,"column":4},"end":{"line":128,"column":5}}],"line":124},"12":{"loc":{"start":{"line":124,"column":8},"end":{"line":124,"column":50}},"type":"binary-expr","locations":[{"start":{"line":124,"column":8},"end":{"line":124,"column":27}},{"start":{"line":124,"column":31},"end":{"line":124,"column":50}}],"line":124}},"s":{"0":1,"1":0,"2":0,"3":0,"4":0,"5":0,"6":0,"7":0,"8":0,"9":0,"10":0,"11":0,"12":0,"13":0,"14":0,"15":0,"16":0,"17":0,"18":0,"19":0,"20":0,"21":0,"22":0,"23":0,"24":0,"25":0,"26":0,"27":0,"28":0,"29":0,"30":0,"31":0,"32":0,"33":0,"34":0,"35":0,"36":0,"37":1,"38":0,"39":1,"40":0,"41":0,"42":0,"43":0,"44":0,"45":0,"46":0,"47":0,"48":0},"f":{"0":0,"1":0,"2":0,"3":0,"4":0,"5":0,"6":0,"7":0,"8":0,"9":0,"10":0,"11":0,"12":0,"13":0,"14":0,"15":0,"16":0},"b":{"0":[0,0],"1":[0,0],"2":[0,0],"3":[0,0],"4":[0,0],"5":[0,0],"6":[0,0],"7":[0,0],"8":[0,0],"9":[0,0],"10":[0,0],"11":[0,0],"12":[0,0]},"_coverageSchema":"43e27e138ebf9cfc5966b082cf9a028302ed4184","hash":"40130e0b703e00a929bda72387b8314ef16290e0"}
,"/Users/egieimandha/projects/test/todo/__tests__/setup/netinfo-mock.js": {"path":"/Users/egieimandha/projects/test/todo/__tests__/setup/netinfo-mock.js","statementMap":{"0":{"start":{"line":6,"column":23},"end":{"line":10,"column":1}},"1":{"start":{"line":12,"column":0},"end":{"line":20,"column":3}},"2":{"start":{"line":22,"column":0},"end":{"line":22,"column":32}}},"fnMap":{},"branchMap":{},"s":{"0":1,"1":1,"2":1},"f":{},"b":{},"_coverageSchema":"43e27e138ebf9cfc5966b082cf9a028302ed4184","hash":"cb1585560f13475d57c97f22768722b9261e6a38"}
,"/Users/egieimandha/projects/test/todo/components/Item.js": {"path":"/Users/egieimandha/projects/test/todo/components/Item.js","statementMap":{"0":{"start":{"line":25,"column":6},"end":{"line":25,"column":11}},"1":{"start":{"line":27,"column":2},"end":{"line":53,"column":4}},"2":{"start":{"line":56,"column":15},"end":{"line":65,"column":2}}},"fnMap":{"0":{"name":"Item","decl":{"start":{"line":4,"column":24},"end":{"line":4,"column":28}},"loc":{"start":{"line":4,"column":36},"end":{"line":54,"column":1}},"line":4}},"branchMap":{"0":{"loc":{"start":{"line":30,"column":8},"end":{"line":30,"column":58}},"type":"cond-expr","locations":[{"start":{"line":30,"column":17},"end":{"line":30,"column":39}},{"start":{"line":30,"column":42},"end":{"line":30,"column":58}}],"line":30},"1":{"loc":{"start":{"line":33,"column":14},"end":{"line":33,"column":37}},"type":"cond-expr","locations":[{"start":{"line":33,"column":21},"end":{"line":33,"column":30}},{"start":{"line":33,"column":33},"end":{"line":33,"column":37}}],"line":33},"2":{"loc":{"start":{"line":34,"column":14},"end":{"line":34,"column":49}},"type":"cond-expr","locations":[{"start":{"line":34,"column":22},"end":{"line":34,"column":42}},{"start":{"line":34,"column":45},"end":{"line":34,"column":49}}],"line":34},"3":{"loc":{"start":{"line":35,"column":14},"end":{"line":35,"column":43}},"type":"cond-expr","locations":[{"start":{"line":35,"column":22},"end":{"line":35,"column":36}},{"start":{"line":35,"column":39},"end":{"line":35,"column":43}}],"line":35},"4":{"loc":{"start":{"line":36,"column":14},"end":{"line":36,"column":46}},"type":"cond-expr","locations":[{"start":{"line":36,"column":23},"end":{"line":36,"column":39}},{"start":{"line":36,"column":42},"end":{"line":36,"column":46}}],"line":36},"5":{"loc":{"start":{"line":37,"column":14},"end":{"line":37,"column":55}},"type":"cond-expr","locations":[{"start":{"line":37,"column":22},"end":{"line":37,"column":48}},{"start":{"line":37,"column":51},"end":{"line":37,"column":55}}],"line":37},"6":{"loc":{"start":{"line":38,"column":14},"end":{"line":38,"column":51}},"type":"cond-expr","locations":[{"start":{"line":38,"column":20},"end":{"line":38,"column":44}},{"start":{"line":38,"column":47},"end":{"line":38,"column":51}}],"line":38},"7":{"loc":{"start":{"line":39,"column":14},"end":{"line":39,"column":52}},"type":"cond-expr","locations":[{"start":{"line":39,"column":23},"end":{"line":39,"column":45}},{"start":{"line":39,"column":48},"end":{"line":39,"column":52}}],"line":39},"8":{"loc":{"start":{"line":40,"column":14},"end":{"line":40,"column":64}},"type":"cond-expr","locations":[{"start":{"line":40,"column":31},"end":{"line":40,"column":57}},{"start":{"line":40,"column":60},"end":{"line":40,"column":64}}],"line":40},"9":{"loc":{"start":{"line":41,"column":14},"end":{"line":41,"column":57}},"type":"cond-expr","locations":[{"start":{"line":41,"column":27},"end":{"line":41,"column":50}},{"start":{"line":41,"column":53},"end":{"line":41,"column":57}}],"line":41},"10":{"loc":{"start":{"line":42,"column":14},"end":{"line":42,"column":71}},"type":"cond-expr","locations":[{"start":{"line":42,"column":22},"end":{"line":42,"column":64}},{"start":{"line":42,"column":67},"end":{"line":42,"column":71}}],"line":42},"11":{"loc":{"start":{"line":43,"column":14},"end":{"line":43,"column":69}},"type":"cond-expr","locations":[{"start":{"line":43,"column":29},"end":{"line":43,"column":62}},{"start":{"line":43,"column":65},"end":{"line":43,"column":69}}],"line":43},"12":{"loc":{"start":{"line":44,"column":14},"end":{"line":44,"column":67}},"type":"cond-expr","locations":[{"start":{"line":44,"column":28},"end":{"line":44,"column":60}},{"start":{"line":44,"column":63},"end":{"line":44,"column":67}}],"line":44},"13":{"loc":{"start":{"line":45,"column":14},"end":{"line":45,"column":49}},"type":"cond-expr","locations":[{"start":{"line":45,"column":20},"end":{"line":45,"column":42}},{"start":{"line":45,"column":45},"end":{"line":45,"column":49}}],"line":45},"14":{"loc":{"start":{"line":46,"column":14},"end":{"line":46,"column":55}},"type":"cond-expr","locations":[{"start":{"line":46,"column":23},"end":{"line":46,"column":48}},{"start":{"line":46,"column":51},"end":{"line":46,"column":55}}],"line":46},"15":{"loc":{"start":{"line":47,"column":14},"end":{"line":47,"column":56}},"type":"cond-expr","locations":[{"start":{"line":47,"column":32},"end":{"line":47,"column":49}},{"start":{"line":47,"column":52},"end":{"line":47,"column":56}}],"line":47},"16":{"loc":{"start":{"line":48,"column":14},"end":{"line":48,"column":50}},"type":"cond-expr","locations":[{"start":{"line":48,"column":29},"end":{"line":48,"column":43}},{"start":{"line":48,"column":46},"end":{"line":48,"column":50}}],"line":48}},"s":{"0":22,"1":22,"2":1},"f":{"0":22},"b":{"0":[0,22],"1":[0,22],"2":[8,14],"3":[3,19],"4":[0,22],"5":[0,22],"6":[0,22],"7":[11,11],"8":[0,22],"9":[0,22],"10":[8,14],"11":[2,20],"12":[0,22],"13":[4,18],"14":[0,22],"15":[8,14],"16":[5,17]},"_coverageSchema":"43e27e138ebf9cfc5966b082cf9a028302ed4184","hash":"682f3db0fa44907edd14d42cadac5341c096acdc"}
,"/Users/egieimandha/projects/test/todo/components/RenderIf.js": {"path":"/Users/egieimandha/projects/test/todo/components/RenderIf.js","statementMap":{"0":{"start":{"line":3,"column":2},"end":{"line":7,"column":3}},"1":{"start":{"line":4,"column":4},"end":{"line":4,"column":26}},"2":{"start":{"line":6,"column":4},"end":{"line":6,"column":16}}},"fnMap":{"0":{"name":"(anonymous_0)","decl":{"start":{"line":2,"column":27},"end":{"line":2,"column":28}},"loc":{"start":{"line":2,"column":36},"end":{"line":8,"column":1}},"line":2}},"branchMap":{"0":{"loc":{"start":{"line":3,"column":2},"end":{"line":7,"column":3}},"type":"if","locations":[{"start":{"line":3,"column":2},"end":{"line":7,"column":3}},{"start":{"line":3,"column":2},"end":{"line":7,"column":3}}],"line":3}},"s":{"0":3,"1":1,"2":2},"f":{"0":3},"b":{"0":[1,2]},"_coverageSchema":"43e27e138ebf9cfc5966b082cf9a028302ed4184","hash":"e6b07430a7986e921a06d141ac498bf89de7f4e1"}
,"/Users/egieimandha/projects/test/todo/components/Section.js": {"path":"/Users/egieimandha/projects/test/todo/components/Section.js","statementMap":{"0":{"start":{"line":5,"column":38},"end":{"line":5,"column":43}},"1":{"start":{"line":7,"column":2},"end":{"line":13,"column":4}},"2":{"start":{"line":16,"column":15},"end":{"line":21,"column":2}}},"fnMap":{"0":{"name":"Section","decl":{"start":{"line":4,"column":24},"end":{"line":4,"column":31}},"loc":{"start":{"line":4,"column":39},"end":{"line":14,"column":1}},"line":4}},"branchMap":{"0":{"loc":{"start":{"line":10,"column":21},"end":{"line":10,"column":47}},"type":"cond-expr","locations":[{"start":{"line":10,"column":32},"end":{"line":10,"column":38}},{"start":{"line":10,"column":41},"end":{"line":10,"column":47}}],"line":10}},"s":{"0":0,"1":0,"2":1},"f":{"0":0},"b":{"0":[0,0]},"_coverageSchema":"43e27e138ebf9cfc5966b082cf9a028302ed4184","hash":"f166f0615dee28de393104d91d969a1f5e9dd2b8"}
,"/Users/egieimandha/projects/test/todo/components/index.js": {"path":"/Users/egieimandha/projects/test/todo/components/index.js","statementMap":{},"fnMap":{},"branchMap":{},"s":{},"f":{},"b":{},"_coverageSchema":"43e27e138ebf9cfc5966b082cf9a028302ed4184","hash":"10b03fd437d53a8f600a9bcb5c9f46cd6613fca3"}
,"/Users/egieimandha/projects/test/todo/components/main.js": {"path":"/Users/egieimandha/projects/test/todo/components/main.js","statementMap":{"0":{"start":{"line":17,"column":0},"end":{"line":17,"column":19}},"1":{"start":{"line":19,"column":30},"end":{"line":68,"column":1}},"2":{"start":{"line":25,"column":2},"end":{"line":67,"column":3}},"3":{"start":{"line":26,"column":4},"end":{"line":64,"column":6}},"4":{"start":{"line":31,"column":10},"end":{"line":31,"column":29}},"5":{"start":{"line":34,"column":37},"end":{"line":34,"column":49}},"6":{"start":{"line":35,"column":10},"end":{"line":45,"column":12}},"7":{"start":{"line":38,"column":31},"end":{"line":38,"column":69}},"8":{"start":{"line":48,"column":10},"end":{"line":59,"column":17}},"9":{"start":{"line":51,"column":29},"end":{"line":51,"column":66}},"10":{"start":{"line":56,"column":29},"end":{"line":56,"column":68}},"11":{"start":{"line":66,"column":4},"end":{"line":66,"column":16}},"12":{"start":{"line":70,"column":31},"end":{"line":77,"column":1}},"13":{"start":{"line":71,"column":19},"end":{"line":73,"column":37}},"14":{"start":{"line":74,"column":2},"end":{"line":76,"column":4}},"15":{"start":{"line":79,"column":27},"end":{"line":145,"column":1}},"16":{"start":{"line":88,"column":2},"end":{"line":144,"column":3}},"17":{"start":{"line":89,"column":4},"end":{"line":141,"column":6}},"18":{"start":{"line":106,"column":36},"end":{"line":106,"column":54}},"19":{"start":{"line":115,"column":31},"end":{"line":115,"column":53}},"20":{"start":{"line":123,"column":18},"end":{"line":127,"column":19}},"21":{"start":{"line":124,"column":20},"end":{"line":124,"column":31}},"22":{"start":{"line":126,"column":20},"end":{"line":126,"column":30}},"23":{"start":{"line":143,"column":4},"end":{"line":143,"column":16}},"24":{"start":{"line":147,"column":32},"end":{"line":207,"column":1}},"25":{"start":{"line":155,"column":2},"end":{"line":206,"column":3}},"26":{"start":{"line":156,"column":4},"end":{"line":203,"column":6}},"27":{"start":{"line":173,"column":36},"end":{"line":173,"column":53}},"28":{"start":{"line":185,"column":47},"end":{"line":185,"column":61}},"29":{"start":{"line":205,"column":4},"end":{"line":205,"column":16}},"30":{"start":{"line":209,"column":30},"end":{"line":219,"column":1}},"31":{"start":{"line":210,"column":2},"end":{"line":218,"column":3}},"32":{"start":{"line":211,"column":4},"end":{"line":215,"column":5}},"33":{"start":{"line":212,"column":6},"end":{"line":212,"column":68}},"34":{"start":{"line":214,"column":6},"end":{"line":214,"column":62}},"35":{"start":{"line":217,"column":4},"end":{"line":217,"column":60}},"36":{"start":{"line":221,"column":15},"end":{"line":287,"column":2}}},"fnMap":{"0":{"name":"(anonymous_0)","decl":{"start":{"line":19,"column":30},"end":{"line":19,"column":31}},"loc":{"start":{"line":24,"column":6},"end":{"line":68,"column":1}},"line":24},"1":{"name":"(anonymous_1)","decl":{"start":{"line":30,"column":22},"end":{"line":30,"column":23}},"loc":{"start":{"line":30,"column":42},"end":{"line":32,"column":9}},"line":30},"2":{"name":"(anonymous_2)","decl":{"start":{"line":33,"column":20},"end":{"line":33,"column":21}},"loc":{"start":{"line":33,"column":41},"end":{"line":46,"column":9}},"line":33},"3":{"name":"(anonymous_3)","decl":{"start":{"line":38,"column":25},"end":{"line":38,"column":26}},"loc":{"start":{"line":38,"column":31},"end":{"line":38,"column":69}},"line":38},"4":{"name":"(anonymous_4)","decl":{"start":{"line":47,"column":26},"end":{"line":47,"column":27}},"loc":{"start":{"line":48,"column":10},"end":{"line":59,"column":17}},"line":48},"5":{"name":"(anonymous_5)","decl":{"start":{"line":51,"column":23},"end":{"line":51,"column":24}},"loc":{"start":{"line":51,"column":29},"end":{"line":51,"column":66}},"line":51},"6":{"name":"(anonymous_6)","decl":{"start":{"line":56,"column":23},"end":{"line":56,"column":24}},"loc":{"start":{"line":56,"column":29},"end":{"line":56,"column":68}},"line":56},"7":{"name":"(anonymous_7)","decl":{"start":{"line":70,"column":31},"end":{"line":70,"column":32}},"loc":{"start":{"line":70,"column":49},"end":{"line":77,"column":1}},"line":70},"8":{"name":"(anonymous_8)","decl":{"start":{"line":79,"column":27},"end":{"line":79,"column":28}},"loc":{"start":{"line":87,"column":6},"end":{"line":145,"column":1}},"line":87},"9":{"name":"(anonymous_9)","decl":{"start":{"line":106,"column":28},"end":{"line":106,"column":29}},"loc":{"start":{"line":106,"column":36},"end":{"line":106,"column":54}},"line":106},"10":{"name":"(anonymous_10)","decl":{"start":{"line":115,"column":25},"end":{"line":115,"column":26}},"loc":{"start":{"line":115,"column":31},"end":{"line":115,"column":53}},"line":115},"11":{"name":"(anonymous_11)","decl":{"start":{"line":122,"column":25},"end":{"line":122,"column":26}},"loc":{"start":{"line":122,"column":31},"end":{"line":128,"column":17}},"line":122},"12":{"name":"(anonymous_12)","decl":{"start":{"line":147,"column":32},"end":{"line":147,"column":33}},"loc":{"start":{"line":154,"column":6},"end":{"line":207,"column":1}},"line":154},"13":{"name":"(anonymous_13)","decl":{"start":{"line":173,"column":28},"end":{"line":173,"column":29}},"loc":{"start":{"line":173,"column":36},"end":{"line":173,"column":53}},"line":173},"14":{"name":"(anonymous_14)","decl":{"start":{"line":185,"column":41},"end":{"line":185,"column":42}},"loc":{"start":{"line":185,"column":47},"end":{"line":185,"column":61}},"line":185},"15":{"name":"(anonymous_15)","decl":{"start":{"line":209,"column":30},"end":{"line":209,"column":31}},"loc":{"start":{"line":209,"column":55},"end":{"line":219,"column":1}},"line":209}},"branchMap":{"0":{"loc":{"start":{"line":25,"column":2},"end":{"line":67,"column":3}},"type":"if","locations":[{"start":{"line":25,"column":2},"end":{"line":67,"column":3}},{"start":{"line":25,"column":2},"end":{"line":67,"column":3}}],"line":25},"1":{"loc":{"start":{"line":25,"column":6},"end":{"line":25,"column":29}},"type":"binary-expr","locations":[{"start":{"line":25,"column":6},"end":{"line":25,"column":10}},{"start":{"line":25,"column":14},"end":{"line":25,"column":29}}],"line":25},"2":{"loc":{"start":{"line":71,"column":19},"end":{"line":73,"column":37}},"type":"cond-expr","locations":[{"start":{"line":72,"column":6},"end":{"line":72,"column":28}},{"start":{"line":73,"column":6},"end":{"line":73,"column":37}}],"line":71},"3":{"loc":{"start":{"line":88,"column":2},"end":{"line":144,"column":3}},"type":"if","locations":[{"start":{"line":88,"column":2},"end":{"line":144,"column":3}},{"start":{"line":88,"column":2},"end":{"line":144,"column":3}}],"line":88},"4":{"loc":{"start":{"line":123,"column":18},"end":{"line":127,"column":19}},"type":"if","locations":[{"start":{"line":123,"column":18},"end":{"line":127,"column":19}},{"start":{"line":123,"column":18},"end":{"line":127,"column":19}}],"line":123},"5":{"loc":{"start":{"line":155,"column":2},"end":{"line":206,"column":3}},"type":"if","locations":[{"start":{"line":155,"column":2},"end":{"line":206,"column":3}},{"start":{"line":155,"column":2},"end":{"line":206,"column":3}}],"line":155},"6":{"loc":{"start":{"line":210,"column":2},"end":{"line":218,"column":3}},"type":"if","locations":[{"start":{"line":210,"column":2},"end":{"line":218,"column":3}},{"start":{"line":210,"column":2},"end":{"line":218,"column":3}}],"line":210},"7":{"loc":{"start":{"line":211,"column":4},"end":{"line":215,"column":5}},"type":"if","locations":[{"start":{"line":211,"column":4},"end":{"line":215,"column":5}},{"start":{"line":211,"column":4},"end":{"line":215,"column":5}}],"line":211}},"s":{"0":1,"1":1,"2":2,"3":1,"4":4,"5":2,"6":2,"7":0,"8":2,"9":0,"10":0,"11":1,"12":1,"13":4,"14":4,"15":1,"16":3,"17":2,"18":0,"19":0,"20":0,"21":0,"22":0,"23":1,"24":1,"25":2,"26":1,"27":0,"28":0,"29":1,"30":1,"31":3,"32":2,"33":1,"34":1,"35":1,"36":1},"f":{"0":2,"1":4,"2":2,"3":0,"4":2,"5":0,"6":0,"7":4,"8":3,"9":0,"10":0,"11":0,"12":2,"13":0,"14":0,"15":3},"b":{"0":[1,1],"1":[2,2],"2":[2,2],"3":[2,1],"4":[0,0],"5":[1,1],"6":[2,1],"7":[1,1]},"_coverageSchema":"43e27e138ebf9cfc5966b082cf9a028302ed4184","hash":"ddf82502b8e77e73cdff45d9767bdb3a8199dee5"}
}
