TN:
SF:/Users/egieimandha/projects/test/todo/__tests__/setup/async-storage-mock.js
FN:16,(anonymous_0)
FN:24,(anonymous_1)
FN:34,(anonymous_2)
FN:38,(anonymous_3)
FN:52,_multiSet
FN:53,(anonymous_5)
FN:63,_multiGet
FN:64,(anonymous_7)
FN:73,_multiRemove
FN:74,(anonymous_9)
FN:84,_clear
FN:92,_getAllKeys
FN:96,_multiMerge
FN:100,(anonymous_13)
FN:115,(anonymous_14)
FN:116,(anonymous_15)
FN:120,(anonymous_16)
FNF:17
FNH:0
FNDA:0,(anonymous_0)
FNDA:0,(anonymous_1)
FNDA:0,(anonymous_2)
FNDA:0,(anonymous_3)
FNDA:0,_multiSet
FNDA:0,(anonymous_5)
FNDA:0,_multiGet
FNDA:0,(anonymous_7)
FNDA:0,_multiRemove
FNDA:0,(anonymous_9)
FNDA:0,_clear
FNDA:0,_getAllKeys
FNDA:0,_multiMerge
FNDA:0,(anonymous_13)
FNDA:0,(anonymous_14)
FNDA:0,(anonymous_15)
FNDA:0,(anonymous_16)
DA:12,1
DA:17,0
DA:19,0
DA:20,0
DA:25,0
DA:27,0
DA:29,0
DA:30,0
DA:35,0
DA:39,0
DA:53,0
DA:54,0
DA:55,0
DA:57,0
DA:59,0
DA:60,0
DA:64,0
DA:68,0
DA:70,0
DA:74,0
DA:75,0
DA:76,0
DA:80,0
DA:81,0
DA:85,0
DA:87,0
DA:89,0
DA:93,0
DA:100,0
DA:101,0
DA:102,0
DA:104,0
DA:106,0
DA:108,0
DA:111,0
DA:112,0
DA:115,1
DA:116,1
DA:117,0
DA:118,0
DA:120,0
DA:121,0
DA:122,0
DA:124,0
DA:125,0
DA:127,0
DA:131,0
LF:47
LH:3
BRDA:19,0,0,0
BRDA:19,0,1,0
BRDA:27,1,0,0
BRDA:27,1,1,0
BRDA:29,2,0,0
BRDA:29,2,1,0
BRDA:59,3,0,0
BRDA:59,3,1,0
BRDA:66,4,0,0
BRDA:66,4,1,0
BRDA:68,5,0,0
BRDA:68,5,1,0
BRDA:75,6,0,0
BRDA:75,6,1,0
BRDA:80,7,0,0
BRDA:80,7,1,0
BRDA:87,8,0,0
BRDA:87,8,1,0
BRDA:111,9,0,0
BRDA:111,9,1,0
BRDA:115,10,0,0
BRDA:115,10,1,0
BRDA:124,11,0,0
BRDA:124,11,1,0
BRDA:124,12,0,0
BRDA:124,12,1,0
BRF:26
BRH:0
end_of_record
TN:
SF:/Users/egieimandha/projects/test/todo/__tests__/setup/netinfo-mock.js
FNF:0
FNH:0
DA:6,1
DA:12,1
DA:22,1
LF:3
LH:3
BRF:0
BRH:0
end_of_record
TN:
SF:/Users/egieimandha/projects/test/todo/components/Item.js
FN:4,Item
FNF:1
FNH:1
FNDA:22,Item
DA:25,22
DA:27,22
DA:56,1
LF:3
LH:3
BRDA:30,0,0,0
BRDA:30,0,1,22
BRDA:33,1,0,0
BRDA:33,1,1,22
BRDA:34,2,0,8
BRDA:34,2,1,14
BRDA:35,3,0,3
BRDA:35,3,1,19
BRDA:36,4,0,0
BRDA:36,4,1,22
BRDA:37,5,0,0
BRDA:37,5,1,22
BRDA:38,6,0,0
BRDA:38,6,1,22
BRDA:39,7,0,11
BRDA:39,7,1,11
BRDA:40,8,0,0
BRDA:40,8,1,22
BRDA:41,9,0,0
BRDA:41,9,1,22
BRDA:42,10,0,8
BRDA:42,10,1,14
BRDA:43,11,0,2
BRDA:43,11,1,20
BRDA:44,12,0,0
BRDA:44,12,1,22
BRDA:45,13,0,4
BRDA:45,13,1,18
BRDA:46,14,0,0
BRDA:46,14,1,22
BRDA:47,15,0,8
BRDA:47,15,1,14
BRDA:48,16,0,5
BRDA:48,16,1,17
BRF:34
BRH:25
end_of_record
TN:
SF:/Users/egieimandha/projects/test/todo/components/RenderIf.js
FN:2,(anonymous_0)
FNF:1
FNH:1
FNDA:3,(anonymous_0)
DA:3,3
DA:4,1
DA:6,2
LF:3
LH:3
BRDA:3,0,0,1
BRDA:3,0,1,2
BRF:2
BRH:2
end_of_record
TN:
SF:/Users/egieimandha/projects/test/todo/components/Section.js
FN:4,Section
FNF:1
FNH:0
FNDA:0,Section
DA:5,0
DA:7,0
DA:16,1
LF:3
LH:1
BRDA:10,0,0,0
BRDA:10,0,1,0
BRF:2
BRH:0
end_of_record
TN:
SF:/Users/egieimandha/projects/test/todo/components/index.js
FNF:0
FNH:0
LF:0
LH:0
BRF:0
BRH:0
end_of_record
TN:
SF:/Users/egieimandha/projects/test/todo/components/main.js
FN:19,(anonymous_0)
FN:30,(anonymous_1)
FN:33,(anonymous_2)
FN:38,(anonymous_3)
FN:47,(anonymous_4)
FN:51,(anonymous_5)
FN:56,(anonymous_6)
FN:70,(anonymous_7)
FN:79,(anonymous_8)
FN:106,(anonymous_9)
FN:115,(anonymous_10)
FN:122,(anonymous_11)
FN:147,(anonymous_12)
FN:173,(anonymous_13)
FN:185,(anonymous_14)
FN:209,(anonymous_15)
FNF:16
FNH:8
FNDA:2,(anonymous_0)
FNDA:4,(anonymous_1)
FNDA:2,(anonymous_2)
FNDA:0,(anonymous_3)
FNDA:2,(anonymous_4)
FNDA:0,(anonymous_5)
FNDA:0,(anonymous_6)
FNDA:4,(anonymous_7)
FNDA:3,(anonymous_8)
FNDA:0,(anonymous_9)
FNDA:0,(anonymous_10)
FNDA:0,(anonymous_11)
FNDA:2,(anonymous_12)
FNDA:0,(anonymous_13)
FNDA:0,(anonymous_14)
FNDA:3,(anonymous_15)
DA:17,1
DA:19,1
DA:25,2
DA:26,1
DA:31,4
DA:34,2
DA:35,2
DA:38,0
DA:48,2
DA:51,0
DA:56,0
DA:66,1
DA:70,1
DA:71,4
DA:74,4
DA:79,1
DA:88,3
DA:89,2
DA:106,0
DA:115,0
DA:123,0
DA:124,0
DA:126,0
DA:143,1
DA:147,1
DA:155,2
DA:156,1
DA:173,0
DA:185,0
DA:205,1
DA:209,1
DA:210,3
DA:211,2
DA:212,1
DA:214,1
DA:217,1
DA:221,1
LF:37
LH:27
BRDA:25,0,0,1
BRDA:25,0,1,1
BRDA:25,1,0,2
BRDA:25,1,1,2
BRDA:71,2,0,2
BRDA:71,2,1,2
BRDA:88,3,0,2
BRDA:88,3,1,1
BRDA:123,4,0,0
BRDA:123,4,1,0
BRDA:155,5,0,1
BRDA:155,5,1,1
BRDA:210,6,0,2
BRDA:210,6,1,1
BRDA:211,7,0,1
BRDA:211,7,1,1
BRF:16
BRH:14
end_of_record
